<?xml version="1.0" encoding="UTF-8"?>
<testng-results ignored="0" total="3" passed="3" failed="0" skipped="0">
  <reporter-output>
  </reporter-output>
  <suite started-at="2020-08-04T16:38:59 ART" name="MyTest.TestSearch" finished-at="2020-08-04T16:39:54 ART" duration-ms="54926">
    <groups>
    </groups>
    <test started-at="2020-08-04T16:38:59 ART" name="Command line test" finished-at="2020-08-04T16:39:54 ART" duration-ms="54926">
      <class name="MyTest.TestSearch">
        <test-method is-config="true" signature="setUp()[pri:0, instance:MyTest.TestSearch@51c8530f]" started-at="2020-08-04T16:39:00 ART" name="setUp" finished-at="2020-08-04T16:39:12 ART" duration-ms="12801" status="PASS">
          <reporter-output>
          </reporter-output>
        </test-method> <!-- setUp -->
        <test-method signature="NoResults()[pri:0, instance:MyTest.TestSearch@51c8530f]" started-at="2020-08-04T16:39:12 ART" name="NoResults" finished-at="2020-08-04T16:39:17 ART" duration-ms="4209" status="PASS">
          <reporter-output>
          </reporter-output>
        </test-method> <!-- NoResults -->
        <test-method is-config="true" signature="tearDown()[pri:0, instance:MyTest.TestSearch@51c8530f]" started-at="2020-08-04T16:39:17 ART" name="tearDown" finished-at="2020-08-04T16:39:17 ART" duration-ms="650" status="PASS">
          <reporter-output>
          </reporter-output>
        </test-method> <!-- tearDown -->
        <test-method is-config="true" signature="setUp()[pri:0, instance:MyTest.TestSearch@51c8530f]" started-at="2020-08-04T16:39:17 ART" name="setUp" finished-at="2020-08-04T16:39:31 ART" duration-ms="13804" status="PASS">
          <reporter-output>
          </reporter-output>
        </test-method> <!-- setUp -->
        <test-method signature="searchDresses()[pri:0, instance:MyTest.TestSearch@51c8530f]" started-at="2020-08-04T16:39:31 ART" name="searchDresses" finished-at="2020-08-04T16:39:37 ART" duration-ms="5933" status="PASS">
          <reporter-output>
          </reporter-output>
        </test-method> <!-- searchDresses -->
        <test-method is-config="true" signature="tearDown()[pri:0, instance:MyTest.TestSearch@51c8530f]" started-at="2020-08-04T16:39:37 ART" name="tearDown" finished-at="2020-08-04T16:39:38 ART" duration-ms="625" status="PASS">
          <reporter-output>
          </reporter-output>
        </test-method> <!-- tearDown -->
        <test-method is-config="true" signature="setUp()[pri:0, instance:MyTest.TestSearch@51c8530f]" started-at="2020-08-04T16:39:38 ART" name="setUp" finished-at="2020-08-04T16:39:49 ART" duration-ms="11260" status="PASS">
          <reporter-output>
          </reporter-output>
        </test-method> <!-- setUp -->
        <test-method signature="searchTSHIRTS()[pri:0, instance:MyTest.TestSearch@51c8530f]" started-at="2020-08-04T16:39:49 ART" name="searchTSHIRTS" finished-at="2020-08-04T16:39:54 ART" duration-ms="4956" status="PASS">
          <reporter-output>
          </reporter-output>
        </test-method> <!-- searchTSHIRTS -->
        <test-method is-config="true" signature="tearDown()[pri:0, instance:MyTest.TestSearch@51c8530f]" started-at="2020-08-04T16:39:54 ART" name="tearDown" finished-at="2020-08-04T16:39:54 ART" duration-ms="644" status="PASS">
          <reporter-output>
          </reporter-output>
        </test-method> <!-- tearDown -->
      </class> <!-- MyTest.TestSearch -->
    </test> <!-- Command line test -->
  </suite> <!-- MyTest.TestSearch -->
</testng-results>
