<?xml version="1.0" encoding="UTF-8"?>
<!-- Generated by org.testng.reporters.JUnitXMLReporter -->
<testsuite ignored="0" hostname="DESKTOP-MCSU9TS" failures="0" tests="3" name="Command line test" time="54.926" errors="0" timestamp="2020-08-04T16:39:54 ART">
  <testcase classname="MyTest.TestSearch" name="NoResults" time="4.209"/>
  <testcase classname="MyTest.TestSearch" name="searchDresses" time="5.933"/>
  <testcase classname="MyTest.TestSearch" name="searchTSHIRTS" time="4.956"/>
</testsuite> <!-- Command line test -->
